<?xml version="1.0" encoding="UTF-8"?>
<!-- Generated by org.testng.reporters.JUnitReportReporter -->
<testsuite hostname="reddy" failures="0" tests="1" name="framework.mytestcaesforpractise.SearchforIndigoFlights" time="16.698" errors="0" timestamp="2025-06-29T00:48:06 IST" skipped="0">
  <testcase classname="framework.mytestcaesforpractise.SearchforIndigoFlights" name="selectIndioFlightsusingPOM" time="16.698"/>
</testsuite> <!-- framework.mytestcaesforpractise.SearchforIndigoFlights -->
