<?xml version="1.0" encoding="UTF-8"?>
<!-- Generated by org.testng.reporters.JUnitReportReporter -->
<testsuite hostname="reddy" failures="0" tests="1" name="com.practise.baseTest.BaseTestClass" time="8.135" errors="0" timestamp="2025-06-24T00:56:21 IST" skipped="0">
  <testcase classname="com.practise.baseTest.BaseTestClass" name="browserActions" time="8.135"/>
</testsuite> <!-- com.practise.baseTest.BaseTestClass -->
